<?xml version="1.0" encoding="UTF-8"?>
<testsuite xmlns:xsi="http://www.w3.org/2001/XMLSchema-instance" xsi:noNamespaceSchemaLocation="https://maven.apache.org/surefire/maven-surefire-plugin/xsd/surefire-test-report-3.0.xsd" version="3.0" name="integracion.InicioSesionIntegracionTest" time="1.467" tests="3" errors="0" skipped="0" failures="0">
  <properties>
[...]
</properties>
  <testcase name="testInicioSesion_ContrasenyaIncorrecta" classname="integracion.InicioSesionIntegracionTest" time="1.249">
    <system-out><![CDATA[CONECTADO a MongoDB.
]]></system-out>
  </testcase>
  <testcase name="testInicioSesion_Ok" classname="integracion.InicioSesionIntegracionTest" time="0.076"/>
  <testcase name="testInicioSesion_UsuarioNoExiste" classname="integracion.InicioSesionIntegracionTest" time="0.084"/>
</testsuite>